./build/dep/src/json_builder.d:1: MAJOR:C-O1
./build/dep/src/json_free.d:1: MAJOR:C-O1
./build/dep/src/json_lexer.d:1: MAJOR:C-O1
./build/dep/src/json_lexer_helper.d:1: MAJOR:C-O1
./build/dep/src/json_lexer_match.d:1: MAJOR:C-O1
./build/dep/src/json_lexer_tokens.d:1: MAJOR:C-O1
./build/dep/src/json_parser.d:1: MAJOR:C-O1
./build/dep/src/json_parser_array.d:1: MAJOR:C-O1
./build/dep/src/json_parser_object.d:1: MAJOR:C-O1
./build/dep/src/json_print.d:1: MAJOR:C-O1
./build/dep/src/main.d:1: MAJOR:C-O1
./build/obj/src/json_builder.o:1: MAJOR:C-O1
./build/obj/src/json_free.o:1: MAJOR:C-O1
./build/obj/src/json_lexer.o:1: MAJOR:C-O1
./build/obj/src/json_lexer_helper.o:1: MAJOR:C-O1
./build/obj/src/json_lexer_match.o:1: MAJOR:C-O1
./build/obj/src/json_lexer_tokens.o:1: MAJOR:C-O1
./build/obj/src/json_parser.o:1: MAJOR:C-O1
./build/obj/src/json_parser_array.o:1: MAJOR:C-O1
./build/obj/src/json_parser_object.o:1: MAJOR:C-O1
./build/obj/src/json_print.o:1: MAJOR:C-O1
./build/obj/src/main.o:1: MAJOR:C-O1
./corejson:1: MAJOR:C-O1
./include/version.h:1: MINOR:C-G1
./src/json_lexer_helper.c:51: MINOR:C-G2
./src/json_lexer_helper.c:51: MAJOR:C-O3
./src/json_lexer_helper.c:56: MAJOR:C-O3
./src/json_lexer_helper.c:59: INFO:C-A3
./src/json_lexer_tokens.c:35: MAJOR:C-O3
./src/json_parser.c:66: MAJOR:C-O3
./src/json_parser.c:82: MAJOR:C-O3
./src/json_parser.c:98: MAJOR:C-O3
./src/json_parser.c:122: MAJOR:C-O3
./src/json_parser_array.c:13: MINOR:C-F2
./src/json_parser_array.c:29: MINOR:C-F2
./src/json_parser_array.c:48: MINOR:C-F2
./src/json_parser_object.c:48: MAJOR:C-F3
./src/json_print.c:72: MINOR:C-F8
./src/json_print.c:85: MAJOR:C-F3
./src/json_print.c:94: MAJOR:C-L1
./src/json_print.c:99: MAJOR:C-F3
./src/json_print.c:99: MAJOR:C-L1
./src/json_print.c:100: MAJOR:C-L1
./src/json_print.c:101: MINOR:C-L6
./src/json_print.c:102: MAJOR:C-L1
./src/main.c:40: MAJOR:C-F4
./src/main.c:41: MAJOR:C-F4
./src/main.c:42: MAJOR:C-F4
./src/main.c:43: MAJOR:C-F4
./src/main.c:44: MAJOR:C-F4
./src/main.c:45: MAJOR:C-F4
./src/main.c:46: MAJOR:C-F4
./src/main.c:47: MAJOR:C-F4
./src/main.c:48: MAJOR:C-F4
./src/main.c:49: MAJOR:C-F4
./src/main.c:64: MINOR:C-L6
./src/main.c:74: MAJOR:C-F4
./src/main.c:75: MAJOR:C-F4
./src/main.c:76: MAJOR:C-F4
./src/main.c:76: MINOR:C-L6
./src/main.c:77: MAJOR:C-F4
./src/main.c:77: MAJOR:C-L5
./src/main.c:78: MAJOR:C-F4
./src/main.c:79: MAJOR:C-F4
./src/main.c:80: MAJOR:C-F4
./src/main.c:81: MAJOR:C-F4
./src/main.c:82: MAJOR:C-F4
./src/main.c:83: MAJOR:C-F4
./src/main.c:84: MAJOR:C-F4
./src/main.c:85: MAJOR:C-F4
./src/main.c:86: MAJOR:C-F4
./src/main.c:87: MAJOR:C-F4
./src/main.c:88: MAJOR:C-F4
./src/main.c:89: MAJOR:C-F4
./src/main.c:89: MINOR:C-L6
./src/main.c:90: MAJOR:C-F4
./src/main.c:91: MAJOR:C-F4
./src/main.c:92: MAJOR:C-F4
./src/main.c:101: MINOR:C-L6
./src/main.c:108: MINOR:C-L6
